2025-05-15 18:51:24,420 - ImageRecognizer - INFO - Loading icon templates from CheckImages\Default
2025-05-15 18:51:25,162 - ImageRecognizer - INFO - Loading number templates from CheckImages\Numbers
2025-05-15 18:51:25,181 - ImageRecognizer - INFO - Loaded 456 icon templates and 11 number templates
2025-10-29 07:22:02,359 - ImageRecognizer - INFO - Loading icon templates from data\processed_templates
2025-10-29 07:22:05,389 - ImageRecognizer - INFO - Loading number templates from CheckImages\Numbers
2025-10-29 07:22:05,432 - ImageRecognizer - INFO - Loaded 718 icon templates and 11 number templates
2025-10-29 07:26:08,639 - ImageRecognizer - INFO - Loading icon templates from data\processed_templates
2025-10-29 07:26:08,978 - ImageRecognizer - INFO - Loading number templates from CheckImages\Numbers
2025-10-29 07:26:08,981 - ImageRecognizer - INFO - Loaded 718 icon templates and 11 number templates
2025-10-29 07:26:28,807 - ImageRecognizer - INFO - Loading icon templates from data\processed_templates
2025-10-29 07:26:29,144 - ImageRecognizer - INFO - Loading number templates from CheckImages\Numbers
2025-10-29 07:26:29,147 - ImageRecognizer - INFO - Loaded 718 icon templates and 11 number templates
2025-10-29 07:27:03,233 - ImageRecognizer - INFO - Loading icon templates from data\processed_templates
2025-10-29 07:27:03,568 - ImageRecognizer - INFO - Loading number templates from CheckImages\Numbers
2025-10-29 07:27:03,570 - ImageRecognizer - INFO - Loaded 718 icon templates and 11 number templates
2025-10-29 07:27:37,912 - ImageRecognizer - INFO - Loading icon templates from data\processed_templates
2025-10-29 07:27:38,266 - ImageRecognizer - INFO - Loading number templates from data\numbers
2025-10-29 07:27:38,288 - ImageRecognizer - INFO - Loaded 718 icon templates and 11 number templates
2025-10-29 07:34:20,440 - ImageRecognizer - INFO - Loading icon templates from data\processed_templates
2025-10-29 07:34:20,790 - ImageRecognizer - INFO - Loading number templates from data\numbers
2025-10-29 07:34:20,793 - ImageRecognizer - INFO - Loaded 718 icon templates and 11 number templates
2025-10-29 07:36:10,389 - ImageRecognizer - INFO - Loading icon templates from data\processed_templates
2025-10-29 07:36:10,745 - ImageRecognizer - INFO - Loading number templates from data\numbers
2025-10-29 07:36:10,748 - ImageRecognizer - INFO - Loaded 718 icon templates and 11 number templates
2025-10-29 07:36:15,196 - ImageRecognizer - INFO - Processing image: E:/Github Local Library/foxhole-quartemaster/test-image1.png
2025-10-29 07:36:17,714 - ImageRecognizer - INFO - Detected 0 items
2025-10-29 07:36:17,714 - ImageRecognizer - INFO - Generated report with 0 items
2025-10-29 07:36:22,321 - ImageRecognizer - INFO - Processing image: E:/Github Local Library/foxhole-quartemaster/test-image1.png
2025-10-29 07:36:24,847 - ImageRecognizer - INFO - Detected 0 items
2025-10-29 07:36:29,336 - ImageRecognizer - INFO - Generated report with 0 items
2025-10-29 07:38:24,588 - ImageRecognizer - INFO - Loading icon templates from data\processed_templates
2025-10-29 07:38:24,940 - ImageRecognizer - INFO - Loading number templates from data\numbers
2025-10-29 07:38:24,943 - ImageRecognizer - INFO - Loaded 718 icon templates and 11 number templates
2025-10-29 07:38:30,519 - ImageRecognizer - INFO - Processing image: E:/Github Local Library/foxhole-quartemaster/test-image1.png
2025-10-29 07:38:33,055 - ImageRecognizer - INFO - Detected 0 items
2025-10-29 07:38:34,580 - ImageRecognizer - INFO - Generated report with 0 items
2025-10-29 07:39:47,166 - ImageRecognizer - INFO - Loading icon templates from data\processed_templates
2025-10-29 07:39:47,517 - ImageRecognizer - INFO - Loading number templates from data\numbers
2025-10-29 07:39:47,520 - ImageRecognizer - INFO - Loaded 718 icon templates and 11 number templates
2025-10-29 07:44:26,384 - ImageRecognizer - INFO - Loading icon templates from data\processed_templates
2025-10-29 07:44:33,163 - ImageRecognizer - INFO - Loading icon templates from data\processed_templates
2025-10-29 07:44:48,966 - ImageRecognizer - INFO - Loading icon templates from data\processed_templates
2025-10-29 07:45:10,887 - ImageRecognizer - INFO - Loading icon templates from data\processed_templates
2025-10-29 07:45:36,348 - ImageRecognizer - INFO - Loading icon templates from data\processed_templates
2025-10-29 07:45:49,796 - ImageRecognizer - INFO - Loading number templates from data\numbers
2025-10-29 07:45:49,799 - ImageRecognizer - INFO - Loaded 11488 icon templates and 11 number templates
